<?xml version="1.0" encoding="UTF-8"?>
<testsuite xmlns:xsi="http://www.w3.org/2001/XMLSchema-instance" xsi:noNamespaceSchemaLocation="https://maven.apache.org/surefire/maven-surefire-plugin/xsd/surefire-test-report.xsd" version="3.0.2" name="com.vindows.drl.test.redis.TokenBucketLuaTest" time="2.31" tests="4" errors="0" skipped="0" failures="0" flakes="0">
  <properties>
[...]
</properties>
  <testcase name="shouldAllowRequestsWithinCapacity" classname="com.vindows.drl.test.redis.TokenBucketLuaTest" time="0.563">
    <system-out><![CDATA[22:48:23.445 [main] INFO org.testcontainers.images.PullPolicy -- Image pull policy will be performed by: DefaultPullPolicy()
22:48:23.448 [main] INFO org.testcontainers.utility.ImageNameSubstitutor -- Image name substitution will be performed by: DefaultImageNameSubstitutor (composite of 'ConfigurationFileImageNameSubstitutor' and 'PrefixingImageNameSubstitutor')
22:48:23.463 [main] INFO org.testcontainers.DockerClientFactory -- Testcontainers version: 2.0.5
22:48:23.566 [main] INFO org.testcontainers.dockerclient.DockerClientProviderStrategy -- Loaded org.testcontainers.dockerclient.UnixSocketClientProviderStrategy from ~/.testcontainers.properties, will try it first
22:48:23.745 [main] INFO org.testcontainers.dockerclient.DockerClientProviderStrategy -- Found Docker environment with local Unix socket (unix:///var/run/docker.sock)
22:48:23.746 [main] INFO org.testcontainers.DockerClientFactory -- Docker host IP address is localhost
22:48:23.759 [main] INFO org.testcontainers.DockerClientFactory -- Connected to docker: 
  Server Version: 29.7.2
  API Version: 1.55
  Operating System: Docker Desktop
  Total Memory: 7935 MB
  Labels: 
    com.docker.desktop.address=unix:///Users/vincent.boetzel/Library/Containers/com.docker.docker/Data/docker-cli.sock
22:48:23.805 [main] INFO tc.testcontainers/ryuk:0.14.0 -- Creating container for image: testcontainers/ryuk:0.14.0
22:48:23.928 [main] INFO org.testcontainers.utility.RegistryAuthLocator -- Credential helper/store (docker-credential-desktop) does not have credentials for https://index.docker.io/v1/
22:48:24.001 [main] INFO tc.testcontainers/ryuk:0.14.0 -- Container testcontainers/ryuk:0.14.0 is starting: 773cf31176e680258e3f113848381863410201d661247e118beb0e7f9c1919f5
22:48:24.174 [main] INFO tc.testcontainers/ryuk:0.14.0 -- Container testcontainers/ryuk:0.14.0 started in PT0.369457S
22:48:24.177 [main] INFO org.testcontainers.utility.RyukResourceReaper -- Ryuk started - will monitor and terminate Testcontainers containers on JVM exit
22:48:24.177 [main] INFO org.testcontainers.DockerClientFactory -- Checking the system...
22:48:24.177 [main] INFO org.testcontainers.DockerClientFactory -- ✔︎ Docker server version should be at least 1.6.0
22:48:24.178 [main] INFO tc.redis:7-alpine -- Creating container for image: redis:7-alpine
22:48:24.208 [main] INFO tc.redis:7-alpine -- Container redis:7-alpine is starting: a86b238bd5ef56fada37efacce915884d47499af2baf9eadda35fc286657bd51
22:48:24.345 [main] INFO tc.redis:7-alpine -- Container redis:7-alpine started in PT0.16723S
22:48:24.388 [main] INFO org.springframework.test.context.support.AnnotationConfigContextLoaderUtils -- Could not detect default configuration classes for test class [com.vindows.drl.test.redis.TokenBucketLuaTest]: TokenBucketLuaTest does not declare any static, non-private, non-final, nested classes annotated with @Configuration.
22:48:24.434 [main] INFO org.springframework.boot.test.context.SpringBootTestContextBootstrapper -- Found @SpringBootConfiguration com.vindows.drl.DrlApplication for test class com.vindows.drl.test.redis.TokenBucketLuaTest
22:48:24.460 [main] INFO org.springframework.test.context.support.AnnotationConfigContextLoaderUtils -- Could not detect default configuration classes for test class [com.vindows.drl.test.redis.TokenBucketLuaTest]: TokenBucketLuaTest does not declare any static, non-private, non-final, nested classes annotated with @Configuration.
22:48:24.461 [main] INFO org.springframework.boot.test.context.SpringBootTestContextBootstrapper -- Found @SpringBootConfiguration com.vindows.drl.DrlApplication for test class com.vindows.drl.test.redis.TokenBucketLuaTest

  .   ____          _            __ _ _
 /\\ / ___'_ __ _ _(_)_ __  __ _ \ \ \ \
( ( )\___ | '_ | '_| | '_ \/ _` | \ \ \ \
 \\/  ___)| |_)| | | | | || (_| |  ) ) ) )
  '  |____| .__|_| |_|_| |_\__, | / / / /
 =========|_|==============|___/=/_/_/_/

 :: Spring Boot ::                (v4.1.1)

2026-08-28T22:48:24.571+02:00  INFO 30120 --- [drl] [           main] c.v.drl.test.redis.TokenBucketLuaTest    : Starting TokenBucketLuaTest using Java 21.0.12.1 with PID 30120 (started by vincent.boetzel in /Users/vincent.boetzel/Documents/Dev/distributed-rate-limiter)
2026-08-28T22:48:24.571+02:00  INFO 30120 --- [drl] [           main] c.v.drl.test.redis.TokenBucketLuaTest    : No active profile set, falling back to 1 default profile: "default"
2026-08-28T22:48:24.690+02:00  INFO 30120 --- [drl] [           main] .s.d.r.c.RepositoryConfigurationDelegate : Multiple Spring Data modules found, entering strict repository configuration mode
2026-08-28T22:48:24.691+02:00  INFO 30120 --- [drl] [           main] .s.d.r.c.RepositoryConfigurationDelegate : Bootstrapping Spring Data Redis repositories in DEFAULT mode.
2026-08-28T22:48:24.705+02:00  INFO 30120 --- [drl] [           main] .s.d.r.c.RepositoryConfigurationDelegate : Finished Spring Data repository scanning in 5 ms. Found 0 Redis repository interfaces.
2026-08-28T22:48:24.813+02:00  WARN 30120 --- [drl] [           main] i.n.r.d.DnsServerAddressStreamProviders  : Can not find io.netty.resolver.dns.macos.MacOSDnsServerAddressStreamProvider in the classpath, fallback to system defaults. This may result in incorrect DNS resolutions on MacOS. Check whether you have a dependency on 'io.netty:netty-resolver-dns-native-macos'
2026-08-28T22:48:24.974+02:00  INFO 30120 --- [drl] [           main] c.v.drl.test.redis.TokenBucketLuaTest    : Started TokenBucketLuaTest in 0.488 seconds (process running for 1.811)
]]></system-out>
    <system-err><![CDATA[Mockito is currently self-attaching to enable the inline-mock-maker. This will no longer work in future releases of the JDK. Please add Mockito as an agent to your build as described in Mockito's documentation: https://javadoc.io/doc/org.mockito/mockito-core/latest/org.mockito/org/mockito/Mockito.html#0.3
WARNING: A Java agent has been loaded dynamically (/Users/vincent.boetzel/.m2/repository/net/bytebuddy/byte-buddy-agent/1.18.11/byte-buddy-agent-1.18.11.jar)
WARNING: If a serviceability tool is in use, please run with -XX:+EnableDynamicAgentLoading to hide this warning
WARNING: If a serviceability tool is not in use, please run with -Djdk.instrument.traceUsage for more information
WARNING: Dynamic loading of agents will be disallowed by default in a future release
]]></system-err>
  </testcase>
  <testcase name="shouldSetTtlOnKey" classname="com.vindows.drl.test.redis.TokenBucketLuaTest" time="0.008"/>
  <testcase name="shouldRejectRequestWhenCapacityExhausted" classname="com.vindows.drl.test.redis.TokenBucketLuaTest" time="0.009"/>
  <testcase name="shouldRefillTokensOverTime" classname="com.vindows.drl.test.redis.TokenBucketLuaTest" time="0.008"/>
</testsuite>